\BOOKMARK [1][-]{section.1}{\376\377\225\356\230\230\200\314\146\157\116\016\221\315\217\360}{}% 1
\BOOKMARK [2][-]{subsection.1.1}{\376\377\225\356\230\230\200\314\146\157}{section.1}% 2
\BOOKMARK [2][-]{subsection.1.2}{\376\377\225\356\230\230\221\315\217\360}{section.1}% 3
\BOOKMARK [1][-]{section.2}{\376\377\225\356\230\230\122\006\147\220}{}% 4
\BOOKMARK [2][-]{subsection.2.1}{\376\377\225\356\230\230\0001\166\204\122\006\147\220}{section.2}% 5
\BOOKMARK [2][-]{subsection.2.2}{\376\377\225\356\230\230\0002\166\204\122\006\147\220}{section.2}% 6
\BOOKMARK [2][-]{subsection.2.3}{\376\377\225\356\230\230\0003\166\204\122\006\147\220}{section.2}% 7
\BOOKMARK [2][-]{subsection.2.4}{\376\377\225\356\230\230\0004\166\204\122\006\147\220}{section.2}% 8
\BOOKMARK [1][-]{section.3}{\376\377\152\041\127\213\120\107\213\276}{}% 9
\BOOKMARK [1][-]{section.4}{\376\377\173\046\123\367\213\364\146\016}{}% 10
\BOOKMARK [1][-]{section.5}{\376\377\152\041\127\213\166\204\136\372\172\313\116\016\154\102\211\343}{}% 11
\BOOKMARK [2][-]{subsection.5.1}{\376\377\225\356\230\230\0001\152\041\127\213\166\204\136\372\172\313\116\016\154\102\211\343}{section.5}% 12
\BOOKMARK [3][-]{subsubsection.5.1.1}{\376\377\152\041\127\213\166\204\136\372\172\313}{subsection.5.1}% 13
\BOOKMARK [3][-]{subsubsection.5.1.2}{\376\377\152\041\127\213\166\204\154\102\211\343}{subsection.5.1}% 14
\BOOKMARK [2][-]{subsection.5.2}{\376\377\225\356\230\230\0002\152\041\127\213\166\204\136\372\172\313\116\016\154\102\211\343}{section.5}% 15
\BOOKMARK [3][-]{subsubsection.5.2.1}{\376\377\152\041\127\213\166\204\136\372\172\313}{subsection.5.2}% 16
\BOOKMARK [3][-]{subsubsection.5.2.2}{\376\377\152\041\127\213\166\204\154\102\211\343}{subsection.5.2}% 17
\BOOKMARK [2][-]{subsection.5.3}{\376\377\225\356\230\230\0003\152\041\127\213\166\204\136\372\172\313\116\016\154\102\211\343}{section.5}% 18
\BOOKMARK [3][-]{subsubsection.5.3.1}{\376\377\152\041\127\213\166\204\142\306\122\006}{subsection.5.3}% 19
\BOOKMARK [3][-]{subsubsection.5.3.2}{\376\377\152\041\127\213\166\204\136\372\172\313}{subsection.5.3}% 20
\BOOKMARK [3][-]{subsubsection.5.3.3}{\376\377\152\041\127\213\166\204\154\102\211\343}{subsection.5.3}% 21
\BOOKMARK [2][-]{subsection.5.4}{\376\377\225\356\230\230\0004\152\041\127\213\166\204\136\372\172\313\116\016\154\102\211\343}{section.5}% 22
\BOOKMARK [3][-]{subsubsection.5.4.1}{\376\377\152\041\127\213\166\204\136\372\172\313}{subsection.5.4}% 23
\BOOKMARK [3][-]{subsubsection.5.4.2}{\376\377\152\041\127\213\166\204\154\102\211\343}{subsection.5.4}% 24
\BOOKMARK [1][-]{section.6}{\376\377\152\041\127\213\166\204\150\300\232\214\116\016\213\357\135\356\122\006\147\220\000/\160\165\145\117\136\246\122\006\147\220}{}% 25
\BOOKMARK [2][-]{subsection.6.1}{\376\377\152\041\127\213\166\204\150\300\232\214}{section.6}% 26
\BOOKMARK [2][-]{subsection.6.2}{\376\377\213\357\135\356\122\006\147\220}{section.6}% 27
\BOOKMARK [1][-]{section.7}{\376\377\152\041\127\213\166\204\213\304\116\367\116\016\143\250\136\177}{}% 28
\BOOKMARK [2][-]{subsection.7.1}{\376\377\152\041\127\213\166\204\213\304\116\367}{section.7}% 29
\BOOKMARK [3][-]{subsubsection.7.1.1}{\376\377\152\041\127\213\166\204\117\030\160\271}{subsection.7.1}% 30
\BOOKMARK [3][-]{subsubsection.7.1.2}{\376\377\152\041\127\213\166\204\177\072\160\271}{subsection.7.1}% 31
\BOOKMARK [2][-]{subsection.7.2}{\376\377\152\041\127\213\166\204\143\250\136\177}{section.7}% 32
\BOOKMARK [1][-]{appendix.A}{\376\377\156\220\172\013\136\217}{}% 33
